
> b@0.0.0 dev
> vite

å‰ç«¯ä»£ç†è·¯å¾„: /api
å‰ç«¯APIåŸºç¡€URL: http://8.130.145.238:80
åç«¯ç›®æ ‡URL: http://localhost:5000

  VITE v7.1.1  ready in 1588 ms

  âœ  Local:   http://localhost:80/
  âœ  Network: http://172.20.40.249:80/
é‡å†™URL: /api/auth/verify â†’ /auth/verify
ä»£ç†è¯·æ±‚: GET /auth/verify â†’ http://localhost:5000/auth/verify
é‡å†™URL: /api/user/logout â†’ /user/logout
ä»£ç†è¯·æ±‚: POST /user/logout â†’ http://localhost:5000/user/logout
é‡å†™URL: /api/user/login â†’ /user/login
ä»£ç†è¯·æ±‚: POST /user/login â†’ http://localhost:5000/user/login
é‡å†™URL: /api/report/get-total-active-reports â†’ /report/get-total-active-reports
ä»£ç†è¯·æ±‚: GET /report/get-total-active-reports â†’ http://localhost:5000/report/get-total-active-reports

> b@0.0.0 dev
> vite

å‰ç«¯ä»£ç†è·¯å¾„: /api
å‰ç«¯APIåŸºç¡€URL: http://8.130.145.238:80
åç«¯ç›®æ ‡URL: http://localhost:5000

  VITE v7.1.1  ready in 1403 ms

  âœ  Local:   http://localhost:80/
  âœ  Network: http://172.20.40.249:80/
é‡å†™URL: /api/announcement/get-latest â†’ /announcement/get-latest
ä»£ç†è¯·æ±‚: GET /announcement/get-latest â†’ http://localhost:5000/announcement/get-latest
9:09:43 AM [vite] (client) hmr update /src/tailwind.css
9:09:43 AM [vite] (client) hmr update /src/tailwind.css
[1m[33m[@vue/compiler-sfc][0m[33m `defineEmits` is a compiler macro and no longer needs to be imported.[0m

9:09:43 AM [vite] (client) hmr update /src/tailwind.css
é‡å†™URL: /api/auth/verify â†’ /auth/verify
ä»£ç†è¯·æ±‚: GET /auth/verify â†’ http://localhost:5000/auth/verify
9:09:43 AM [vite] (client) hmr update /src/tailwind.css
é‡å†™URL: /api/user/logout â†’ /user/logout
ä»£ç†è¯·æ±‚: POST /user/logout â†’ http://localhost:5000/user/logout
9:09:43 AM [vite] (client) hmr update /src/tailwind.css
é‡å†™URL: /api/user/login â†’ /user/login
ä»£ç†è¯·æ±‚: POST /user/login â†’ http://localhost:5000/user/login
9:09:46 AM [vite] (client) hmr update /src/tailwind.css
é‡å†™URL: /api/report/get-total-active-reports â†’ /report/get-total-active-reports
ä»£ç†è¯·æ±‚: GET /report/get-total-active-reports â†’ http://localhost:5000/report/get-total-active-reports
9:09:46 AM [vite] (client) hmr update /src/tailwind.css
